# JRE version: OpenJDK Runtime Environment Temurin-21.0.10+7 (21.0.10+7) (build 21.0.10+7-LTS)
# Java VM: OpenJDK 64-Bit Server VM Temurin-21.0.10+7 (21.0.10+7-LTS, mixed mode, sharing, tiered, compressed oops, compressed class ptrs, parallel gc, windows-amd64)
GC Precious Log:
 CardTable entry size: 512
 CPUs: 8 total, 8 available
 Memory: 7975M
 Large Page Support: Disabled
 NUMA Support: Disabled
 Compressed Oops: Enabled (32-bit)
 Alignments: Space 512K, Generation 512K, Heap 2M
 Heap Min Capacity: 100M
 Heap Initial Capacity: 100M
 Heap Max Capacity: 2G
 Pre-touch: Disabled
 Parallel Workers: 8
Heap:
 PSYoungGen      total 6144K, used 5314K [0x00000000d5580000, 0x00000000d5e80000, 0x0000000100000000)
  eden space 4096K, 86% used [0x00000000d5580000,0x00000000d58f83d8,0x00000000d5980000)
  from space 2048K, 85% used [0x00000000d5a00000,0x00000000d5bb84f0,0x00000000d5c00000)
  to   space 2560K, 0% used [0x00000000d5c00000,0x00000000d5c00000,0x00000000d5e80000)
 ParOldGen       total 505344K, used 207879K [0x0000000080000000, 0x000000009ed80000, 0x00000000d5580000)
  object space 505344K, 41% used [0x0000000080000000,0x000000008cb01f40,0x000000009ed80000)
 Metaspace       used 59486K, committed 60864K, reserved 1114112K
  class space    used 6483K, committed 7104K, reserved 1048576K
GC Heap History (20 events):
Event: 75.103 GC heap before
{Heap before GC invocations=361 (full 2):
 PSYoungGen      total 7168K, used 6765K [0x00000000d5580000, 0x00000000d6200000, 0x0000000100000000)
  eden space 5120K, 100% used [0x00000000d5580000,0x00000000d5a80000,0x00000000d5a80000)
  from space 2048K, 80% used [0x00000000d6000000,0x00000000d619b7c0,0x00000000d6200000)
  to   space 3072K, 0% used [0x00000000d5c00000,0x00000000d5c00000,0x00000000d5f00000)
 ParOldGen       total 499712K, used 499445K [0x0000000080000000, 0x000000009e800000, 0x00000000d5580000)
  object space 499712K, 99% used [0x0000000080000000,0x000000009e7bd798,0x000000009e800000)
 Metaspace       used 57997K, committed 59328K, reserved 1114112K
  class space    used 6349K, committed 6976K, reserved 1048576K
}
Event: 75.107 GC heap after
{Heap after GC invocations=361 (full 2):
 PSYoungGen      total 8192K, used 776K [0x00000000d5580000, 0x00000000d6080000, 0x0000000100000000)
  eden space 5120K, 0% used [0x00000000d5580000,0x00000000d5580000,0x00000000d5a80000)
  from space 3072K, 25% used [0x00000000d5c00000,0x00000000d5cc2010,0x00000000d5f00000)
  to   space 1536K, 0% used [0x00000000d5f00000,0x00000000d5f00000,0x00000000d6080000)
 ParOldGen       total 501248K, used 501019K [0x0000000080000000, 0x000000009e980000, 0x00000000d5580000)
  object space 501248K, 99% used [0x0000000080000000,0x000000009e946f58,0x000000009e980000)
 Metaspace       used 57997K, committed 59328K, reserved 1114112K
  class space    used 6349K, committed 6976K, reserved 1048576K
}
Event: 75.214 GC heap before
{Heap before GC invocations=362 (full 2):
 PSYoungGen      total 8192K, used 5872K [0x00000000d5580000, 0x00000000d6080000, 0x0000000100000000)
  eden space 5120K, 99% used [0x00000000d5580000,0x00000000d5a7a148,0x00000000d5a80000)
  from space 3072K, 25% used [0x00000000d5c00000,0x00000000d5cc2010,0x00000000d5f00000)
  to   space 1536K, 0% used [0x00000000d5f00000,0x00000000d5f00000,0x00000000d6080000)
 ParOldGen       total 501248K, used 501019K [0x0000000080000000, 0x000000009e980000, 0x00000000d5580000)
  object space 501248K, 99% used [0x0000000080000000,0x000000009e946f58,0x000000009e980000)
 Metaspace       used 58149K, committed 59520K, reserved 1114112K
  class space    used 6365K, committed 6976K, reserved 1048576K
}
Event: 75.218 GC heap after
{Heap after GC invocations=362 (full 2):
 PSYoungGen      total 6656K, used 1389K [0x00000000d5580000, 0x00000000d6080000, 0x0000000100000000)
  eden space 5120K, 0% used [0x00000000d5580000,0x00000000d5580000,0x00000000d5a80000)
  from space 1536K, 90% used [0x00000000d5f00000,0x00000000d605b7b8,0x00000000d6080000)
  to   space 1536K, 0% used [0x00000000d5d80000,0x00000000d5d80000,0x00000000d5f00000)
 ParOldGen       total 502784K, used 502529K [0x0000000080000000, 0x000000009eb00000, 0x00000000d5580000)
  object space 502784K, 99% used [0x0000000080000000,0x000000009eac0710,0x000000009eb00000)
 Metaspace       used 58149K, committed 59520K, reserved 1114112K
  class space    used 6365K, committed 6976K, reserved 1048576K
}
Event: 75.389 GC heap before
{Heap before GC invocations=363 (full 2):
 PSYoungGen      total 6656K, used 6509K [0x00000000d5580000, 0x00000000d6080000, 0x0000000100000000)
  eden space 5120K, 100% used [0x00000000d5580000,0x00000000d5a80000,0x00000000d5a80000)
  from space 1536K, 90% used [0x00000000d5f00000,0x00000000d605b7b8,0x00000000d6080000)
  to   space 1536K, 0% used [0x00000000d5d80000,0x00000000d5d80000,0x00000000d5f00000)
 ParOldGen       total 502784K, used 502529K [0x0000000080000000, 0x000000009eb00000, 0x00000000d5580000)
  object space 502784K, 99% used [0x0000000080000000,0x000000009eac0710,0x000000009eb00000)
 Metaspace       used 58237K, committed 59584K, reserved 1114112K
  class space    used 6380K, committed 6976K, reserved 1048576K
}
Event: 75.393 GC heap after
{Heap after GC invocations=363 (full 2):
 PSYoungGen      total 6656K, used 1524K [0x00000000d5580000, 0x00000000d5f80000, 0x0000000100000000)
  eden space 5120K, 0% used [0x00000000d5580000,0x00000000d5580000,0x00000000d5a80000)
  from space 1536K, 99% used [0x00000000d5d80000,0x00000000d5efd308,0x00000000d5f00000)
  to   space 512K, 0% used [0x00000000d5f00000,0x00000000d5f00000,0x00000000d5f80000)
 ParOldGen       total 504320K, used 503791K [0x0000000080000000, 0x000000009ec80000, 0x00000000d5580000)
  object space 504320K, 99% used [0x0000000080000000,0x000000009ebfbec8,0x000000009ec80000)
 Metaspace       used 58237K, committed 59584K, reserved 1114112K
  class space    used 6380K, committed 6976K, reserved 1048576K
}
Event: 75.442 GC heap before
{Heap before GC invocations=364 (full 2):
 PSYoungGen      total 6656K, used 4512K [0x00000000d5580000, 0x00000000d5f80000, 0x0000000100000000)
  eden space 5120K, 58% used [0x00000000d5580000,0x00000000d586aed8,0x00000000d5a80000)
  from space 1536K, 99% used [0x00000000d5d80000,0x00000000d5efd308,0x00000000d5f00000)
  to   space 512K, 0% used [0x00000000d5f00000,0x00000000d5f00000,0x00000000d5f80000)
 ParOldGen       total 504320K, used 503791K [0x0000000080000000, 0x000000009ec80000, 0x00000000d5580000)
  object space 504320K, 99% used [0x0000000080000000,0x000000009ebfbec8,0x000000009ec80000)
 Metaspace       used 58450K, committed 59776K, reserved 1114112K
  class space    used 6398K, committed 6976K, reserved 1048576K
}
Event: 75.445 GC heap after
{Heap after GC invocations=364 (full 2):
 PSYoungGen      total 5632K, used 341K [0x00000000d5580000, 0x00000000d5f80000, 0x0000000100000000)
  eden space 5120K, 0% used [0x00000000d5580000,0x00000000d5580000,0x00000000d5a80000)
  from space 512K, 66% used [0x00000000d5f00000,0x00000000d5f557e0,0x00000000d5f80000)
  to   space 1024K, 0% used [0x00000000d5d80000,0x00000000d5d80000,0x00000000d5e80000)
 ParOldGen       total 505344K, used 504951K [0x0000000080000000, 0x000000009ed80000, 0x00000000d5580000)
  object space 505344K, 99% used [0x0000000080000000,0x000000009ed1dec8,0x000000009ed80000)
 Metaspace       used 58450K, committed 59776K, reserved 1114112K
  class space    used 6398K, committed 6976K, reserved 1048576K
}
Event: 75.445 GC heap before
{Heap before GC invocations=365 (full 3):
 PSYoungGen      total 5632K, used 341K [0x00000000d5580000, 0x00000000d5f80000, 0x0000000100000000)
  eden space 5120K, 0% used [0x00000000d5580000,0x00000000d5580000,0x00000000d5a80000)
  from space 512K, 66% used [0x00000000d5f00000,0x00000000d5f557e0,0x00000000d5f80000)
  to   space 1024K, 0% used [0x00000000d5d80000,0x00000000d5d80000,0x00000000d5e80000)
 ParOldGen       total 505344K, used 504951K [0x0000000080000000, 0x000000009ed80000, 0x00000000d5580000)
  object space 505344K, 99% used [0x0000000080000000,0x000000009ed1dec8,0x000000009ed80000)
 Metaspace       used 58450K, committed 59776K, reserved 1114112K
  class space    used 6398K, committed 6976K, reserved 1048576K
}
Event: 75.694 GC heap after
{Heap after GC invocations=365 (full 3):
 PSYoungGen      total 5632K, used 0K [0x00000000d5580000, 0x00000000d5f80000, 0x0000000100000000)
  eden space 5120K, 0% used [0x00000000d5580000,0x00000000d5580000,0x00000000d5a80000)
  from space 512K, 0% used [0x00000000d5f00000,0x00000000d5f00000,0x00000000d5f80000)
  to   space 1024K, 0% used [0x00000000d5d80000,0x00000000d5d80000,0x00000000d5e80000)
 ParOldGen       total 505344K, used 196807K [0x0000000080000000, 0x000000009ed80000, 0x00000000d5580000)
  object space 505344K, 38% used [0x0000000080000000,0x000000008c031e40,0x000000009ed80000)
 Metaspace       used 58427K, committed 59776K, reserved 1114112K
  class space    used 6384K, committed 6976K, reserved 1048576K
}
Event: 75.790 GC heap before
{Heap before GC invocations=366 (full 3):
 PSYoungGen      total 5632K, used 4936K [0x00000000d5580000, 0x00000000d5f80000, 0x0000000100000000)
  eden space 5120K, 96% used [0x00000000d5580000,0x00000000d5a522f0,0x00000000d5a80000)
  from space 512K, 0% used [0x00000000d5f00000,0x00000000d5f00000,0x00000000d5f80000)
  to   space 1024K, 0% used [0x00000000d5d80000,0x00000000d5d80000,0x00000000d5e80000)
 ParOldGen       total 505344K, used 196807K [0x0000000080000000, 0x000000009ed80000, 0x00000000d5580000)
  object space 505344K, 38% used [0x0000000080000000,0x000000008c031e40,0x000000009ed80000)
 Metaspace       used 58840K, committed 60160K, reserved 1114112K
  class space    used 6417K, committed 6976K, reserved 1048576K
}
Event: 75.791 GC heap after
{Heap after GC invocations=366 (full 3):
 PSYoungGen      total 6144K, used 256K [0x00000000d5580000, 0x00000000d5f80000, 0x0000000100000000)
  eden space 5120K, 0% used [0x00000000d5580000,0x00000000d5580000,0x00000000d5a80000)
  from space 1024K, 25% used [0x00000000d5d80000,0x00000000d5dc0000,0x00000000d5e80000)
  to   space 512K, 0% used [0x00000000d5f00000,0x00000000d5f00000,0x00000000d5f80000)
 ParOldGen       total 505344K, used 196815K [0x0000000080000000, 0x000000009ed80000, 0x00000000d5580000)
  object space 505344K, 38% used [0x0000000080000000,0x000000008c033e40,0x000000009ed80000)
 Metaspace       used 58840K, committed 60160K, reserved 1114112K
  class space    used 6417K, committed 6976K, reserved 1048576K
}
Event: 75.808 GC heap before
{Heap before GC invocations=367 (full 3):
 PSYoungGen      total 6144K, used 5376K [0x00000000d5580000, 0x00000000d5f80000, 0x0000000100000000)
  eden space 5120K, 100% used [0x00000000d5580000,0x00000000d5a80000,0x00000000d5a80000)
  from space 1024K, 25% used [0x00000000d5d80000,0x00000000d5dc0000,0x00000000d5e80000)
  to   space 512K, 0% used [0x00000000d5f00000,0x00000000d5f00000,0x00000000d5f80000)
 ParOldGen       total 505344K, used 196815K [0x0000000080000000, 0x000000009ed80000, 0x00000000d5580000)
  object space 505344K, 38% used [0x0000000080000000,0x000000008c033e40,0x000000009ed80000)
 Metaspace       used 58884K, committed 60288K, reserved 1114112K
  class space    used 6423K, committed 7040K, reserved 1048576K
}
Event: 75.812 GC heap after
{Heap after GC invocations=367 (full 3):
 PSYoungGen      total 4608K, used 512K [0x00000000d5580000, 0x00000000d6580000, 0x0000000100000000)
  eden space 4096K, 0% used [0x00000000d5580000,0x00000000d5580000,0x00000000d5980000)
  from space 512K, 100% used [0x00000000d5f00000,0x00000000d5f80000,0x00000000d5f80000)
  to   space 5632K, 0% used [0x00000000d5980000,0x00000000d5980000,0x00000000d5f00000)
 ParOldGen       total 505344K, used 200863K [0x0000000080000000, 0x000000009ed80000, 0x00000000d5580000)
  object space 505344K, 39% used [0x0000000080000000,0x000000008c427f40,0x000000009ed80000)
 Metaspace       used 58884K, committed 60288K, reserved 1114112K
  class space    used 6423K, committed 7040K, reserved 1048576K
}
Event: 75.829 GC heap before
{Heap before GC invocations=368 (full 3):
 PSYoungGen      total 4608K, used 4608K [0x00000000d5580000, 0x00000000d6580000, 0x0000000100000000)
  eden space 4096K, 100% used [0x00000000d5580000,0x00000000d5980000,0x00000000d5980000)
  from space 512K, 100% used [0x00000000d5f00000,0x00000000d5f80000,0x00000000d5f80000)
  to   space 5632K, 0% used [0x00000000d5980000,0x00000000d5980000,0x00000000d5f00000)
 ParOldGen       total 505344K, used 200863K [0x0000000080000000, 0x000000009ed80000, 0x00000000d5580000)
  object space 505344K, 39% used [0x0000000080000000,0x000000008c427f40,0x000000009ed80000)
 Metaspace       used 58927K, committed 60288K, reserved 1114112K
  class space    used 6432K, committed 7040K, reserved 1048576K
}
Event: 75.836 GC heap after
{Heap after GC invocations=368 (full 3):
 PSYoungGen      total 8192K, used 3744K [0x00000000d5580000, 0x00000000d6180000, 0x0000000100000000)
  eden space 4096K, 0% used [0x00000000d5580000,0x00000000d5580000,0x00000000d5980000)
  from space 4096K, 91% used [0x00000000d5980000,0x00000000d5d28000,0x00000000d5d80000)
  to   space 4096K, 0% used [0x00000000d5d80000,0x00000000d5d80000,0x00000000d6180000)
 ParOldGen       total 505344K, used 201415K [0x0000000080000000, 0x000000009ed80000, 0x00000000d5580000)
  object space 505344K, 39% used [0x0000000080000000,0x000000008c4b1f40,0x000000009ed80000)
 Metaspace       used 58927K, committed 60288K, reserved 1114112K
  class space    used 6432K, committed 7040K, reserved 1048576K
}
Event: 75.868 GC heap before
{Heap before GC invocations=369 (full 3):
 PSYoungGen      total 8192K, used 7840K [0x00000000d5580000, 0x00000000d6180000, 0x0000000100000000)
  eden space 4096K, 100% used [0x00000000d5580000,0x00000000d5980000,0x00000000d5980000)
  from space 4096K, 91% used [0x00000000d5980000,0x00000000d5d28000,0x00000000d5d80000)
  to   space 4096K, 0% used [0x00000000d5d80000,0x00000000d5d80000,0x00000000d6180000)
 ParOldGen       total 505344K, used 201415K [0x0000000080000000, 0x000000009ed80000, 0x00000000d5580000)
  object space 505344K, 39% used [0x0000000080000000,0x000000008c4b1f40,0x000000009ed80000)
 Metaspace       used 59127K, committed 60544K, reserved 1114112K
  class space    used 6457K, committed 7104K, reserved 1048576K
}
Event: 75.875 GC heap after
{Heap after GC invocations=369 (full 3):
 PSYoungGen      total 7680K, used 3195K [0x00000000d5580000, 0x00000000d6100000, 0x0000000100000000)
  eden space 4096K, 0% used [0x00000000d5580000,0x00000000d5580000,0x00000000d5980000)
  from space 3584K, 89% used [0x00000000d5d80000,0x00000000d609ee08,0x00000000d6100000)
  to   space 3584K, 0% used [0x00000000d5a00000,0x00000000d5a00000,0x00000000d5d80000)
 ParOldGen       total 505344K, used 205063K [0x0000000080000000, 0x000000009ed80000, 0x00000000d5580000)
  object space 505344K, 40% used [0x0000000080000000,0x000000008c841f40,0x000000009ed80000)
 Metaspace       used 59127K, committed 60544K, reserved 1114112K
  class space    used 6457K, committed 7104K, reserved 1048576K
}
Event: 75.945 GC heap before
{Heap before GC invocations=370 (full 3):
 PSYoungGen      total 7680K, used 7291K [0x00000000d5580000, 0x00000000d6100000, 0x0000000100000000)
  eden space 4096K, 99% used [0x00000000d5580000,0x00000000d597ffd8,0x00000000d5980000)
  from space 3584K, 89% used [0x00000000d5d80000,0x00000000d609ee08,0x00000000d6100000)
  to   space 3584K, 0% used [0x00000000d5a00000,0x00000000d5a00000,0x00000000d5d80000)
 ParOldGen       total 505344K, used 205063K [0x0000000080000000, 0x000000009ed80000, 0x00000000d5580000)
  object space 505344K, 40% used [0x0000000080000000,0x000000008c841f40,0x000000009ed80000)
 Metaspace       used 59414K, committed 60800K, reserved 1114112K
  class space    used 6477K, committed 7104K, reserved 1048576K
}
Event: 75.950 GC heap after
{Heap after GC invocations=370 (full 3):
 PSYoungGen      total 6144K, used 1761K [0x00000000d5580000, 0x00000000d5e80000, 0x0000000100000000)
  eden space 4096K, 0% used [0x00000000d5580000,0x00000000d5580000,0x00000000d5980000)
  from space 2048K, 85% used [0x00000000d5a00000,0x00000000d5bb84f0,0x00000000d5c00000)
  to   space 2560K, 0% used [0x00000000d5c00000,0x00000000d5c00000,0x00000000d5e80000)
 ParOldGen       total 505344K, used 207879K [0x0000000080000000, 0x000000009ed80000, 0x00000000d5580000)
  object space 505344K, 41% used [0x0000000080000000,0x000000008cb01f40,0x000000009ed80000)
 Metaspace       used 59414K, committed 60800K, reserved 1114112K
  class space    used 6477K, committed 7104K, reserved 1048576K
}

